<?xml version="1.0" encoding="UTF-8"?>
<!-- Generated by org.testng.reporters.JUnitReportReporter -->
<testsuite hostname="Dell-PC" failures="0" tests="1" name="com.Test.Test_TC_001" time="15.501" errors="0" timestamp="2022-08-22T00:31:51 IST" skipped="0">
  <testcase classname="com.Test.Test_TC_001" name="TC_0001" time="15.501"/>
  <system-out/>
</testsuite> <!-- com.Test.Test_TC_001 -->
