<?xml version="1.0" encoding="UTF-8"?>
<!-- Generated by org.testng.reporters.JUnitReportReporter -->
<testsuite hostname="Dell-PC" failures="0" tests="1" name="com.Test.Test_TC_002" time="11.946" errors="0" timestamp="2022-08-22T00:00:44 IST" skipped="0">
  <testcase classname="com.Test.Test_TC_002" name="TC_0001" time="11.946"/>
  <system-out/>
</testsuite> <!-- com.Test.Test_TC_002 -->
